<?xml version="1.0" encoding="UTF-8"?>
<testsuite xmlns:xsi="http://www.w3.org/2001/XMLSchema-instance" xsi:schemaLocation="https://maven.apache.org/surefire/maven-surefire-plugin/xsd/surefire-test-report.xsd" name="runner.TestRunner" time="162.783" tests="7" errors="0" skipped="0" failures="0">
  <properties>
[...]
</properties>
  <testcase name="Verify whether user able to delete the selected Contacts" classname="Verify the Functionality of Contacts Page" time="25.633"/>
  <testcase name="Verify the Functionality of Adding new contact" classname="Verify the Functionality of Contacts Page" time="24.322"/>
  <testcase name="Verify the Contacts filter by LastName" classname="Verify the Functionality of Contacts Page" time="25.382"/>
  <testcase name="Verify whether User able to click on Contacts page link" classname="Home page Functionality test of FREE CRM Website" time="23.681"/>
  <testcase name="Verify whether User able to click on Tasks page link" classname="Home page Functionality test of FREE CRM Website" time="20"/>
  <testcase name="Verify whether User able to login with Valid UserName and Password" classname="Login page Functionality test of FREE CRM Website" time="23.518"/>
  <testcase name="Verify whether User able to click Forget Password Link" classname="Login page Functionality test of FREE CRM Website" time="19.596"/>
</testsuite>